<?xml version="1.0" encoding="UTF-8"?>
<!-- Generated by org.testng.reporters.JUnitReportReporter -->
<testsuite skipped="0" hostname="Muthukumar" name="com.restassured.testcases.RestCountriesTest" tests="2" failures="0" timestamp="12 Jun 2021 16:01:33 GMT" time="11.218" errors="0">
  <testcase name="getCountryDetailsTest" time="8.791" classname="com.restassured.testcases.RestCountriesTest"/>
  <testcase name="getCountryDetailsTest" time="2.427" classname="com.restassured.testcases.RestCountriesTest"/>
</testsuite> <!-- com.restassured.testcases.RestCountriesTest -->
